2024-08-27 15:50:54.338 [restartedMain] INFO  com.example.wiki.WikiApplication - Starting WikiApplication using Java 1.8.0_411 on miraitowa with PID 23724 (E:\study\java\wiki\target\classes started by 16340 in E:\study\java\wiki)
2024-08-27 15:50:54.341 [restartedMain] INFO  com.example.wiki.WikiApplication - No active profile set, falling back to 1 default profile: "default"
2024-08-27 15:50:54.373 [restartedMain] INFO  o.s.b.d.env.DevToolsPropertyDefaultsPostProcessor - Devtools property defaults active! Set 'spring.devtools.add-properties' to 'false' to disable
2024-08-27 15:50:54.373 [restartedMain] INFO  o.s.b.d.env.DevToolsPropertyDefaultsPostProcessor - For additional web related logging consider setting the 'logging.level.web' property to 'DEBUG'
2024-08-27 15:50:55.531 [restartedMain] INFO  o.s.boot.web.embedded.tomcat.TomcatWebServer - Tomcat initialized with port(s): 8081 (http)
2024-08-27 15:50:55.537 [restartedMain] INFO  org.apache.coyote.http11.Http11NioProtocol - Initializing ProtocolHandler ["http-nio-8081"]
2024-08-27 15:50:55.537 [restartedMain] INFO  org.apache.catalina.core.StandardService - Starting service [Tomcat]
2024-08-27 15:50:55.537 [restartedMain] INFO  org.apache.catalina.core.StandardEngine - Starting Servlet engine: [Apache Tomcat/9.0.68]
2024-08-27 15:50:55.592 [restartedMain] INFO  o.a.c.core.ContainerBase.[Tomcat].[localhost].[/] - Initializing Spring embedded WebApplicationContext
2024-08-27 15:50:55.592 [restartedMain] INFO  o.s.b.w.s.c.ServletWebServerApplicationContext - Root WebApplicationContext: initialization completed in 1219 ms
2024-08-27 15:50:55.655 [restartedMain] INFO  c.a.d.s.b.a.DruidDataSourceAutoConfigure - Init DruidDataSource
2024-08-27 15:50:55.852 [restartedMain] INFO  com.alibaba.druid.pool.DruidDataSource - {dataSource-1} inited
2024-08-27 15:50:55.857 [restartedMain] INFO  org.apache.catalina.core.StandardService - Stopping service [Tomcat]
2024-08-27 15:50:55.862 [restartedMain] INFO  o.s.b.a.l.ConditionEvaluationReportLoggingListener - 

Error starting ApplicationContext. To display the conditions report re-run your application with 'debug' enabled.
2024-08-27 15:51:30.602 [restartedMain] INFO  com.example.wiki.WikiApplication - Starting WikiApplication using Java 1.8.0_411 on miraitowa with PID 31996 (E:\study\java\wiki\target\classes started by 16340 in E:\study\java\wiki)
2024-08-27 15:51:30.603 [restartedMain] INFO  com.example.wiki.WikiApplication - No active profile set, falling back to 1 default profile: "default"
2024-08-27 15:51:30.633 [restartedMain] INFO  o.s.b.d.env.DevToolsPropertyDefaultsPostProcessor - Devtools property defaults active! Set 'spring.devtools.add-properties' to 'false' to disable
2024-08-27 15:51:30.633 [restartedMain] INFO  o.s.b.d.env.DevToolsPropertyDefaultsPostProcessor - For additional web related logging consider setting the 'logging.level.web' property to 'DEBUG'
2024-08-27 15:51:31.562 [restartedMain] INFO  o.s.boot.web.embedded.tomcat.TomcatWebServer - Tomcat initialized with port(s): 8081 (http)
2024-08-27 15:51:31.569 [restartedMain] INFO  org.apache.coyote.http11.Http11NioProtocol - Initializing ProtocolHandler ["http-nio-8081"]
2024-08-27 15:51:31.570 [restartedMain] INFO  org.apache.catalina.core.StandardService - Starting service [Tomcat]
2024-08-27 15:51:31.570 [restartedMain] INFO  org.apache.catalina.core.StandardEngine - Starting Servlet engine: [Apache Tomcat/9.0.68]
2024-08-27 15:51:31.626 [restartedMain] INFO  o.a.c.core.ContainerBase.[Tomcat].[localhost].[/] - Initializing Spring embedded WebApplicationContext
2024-08-27 15:51:31.626 [restartedMain] INFO  o.s.b.w.s.c.ServletWebServerApplicationContext - Root WebApplicationContext: initialization completed in 993 ms
2024-08-27 15:51:31.682 [restartedMain] INFO  c.a.d.s.b.a.DruidDataSourceAutoConfigure - Init DruidDataSource
2024-08-27 15:51:31.897 [restartedMain] INFO  com.alibaba.druid.pool.DruidDataSource - {dataSource-1} inited
2024-08-27 15:51:32.339 [restartedMain] INFO  o.s.b.d.autoconfigure.OptionalLiveReloadServer - LiveReload server is running on port 35729
2024-08-27 15:51:32.348 [restartedMain] INFO  org.apache.coyote.http11.Http11NioProtocol - Starting ProtocolHandler ["http-nio-8081"]
2024-08-27 15:51:32.358 [restartedMain] INFO  o.s.boot.web.embedded.tomcat.TomcatWebServer - Tomcat started on port(s): 8081 (http) with context path ''
2024-08-27 15:51:32.363 [restartedMain] INFO  com.example.wiki.WikiApplication - Started WikiApplication in 2.088 seconds (JVM running for 2.335)
2024-08-27 15:51:32.364 [restartedMain] INFO  com.example.wiki.WikiApplication - 启动成功！！
2024-08-27 15:51:32.364 [restartedMain] INFO  com.example.wiki.WikiApplication - 地址: 	http://127.0.0.1:8081
2024-08-27 15:51:51.061 [http-nio-8081-exec-1] INFO  o.a.c.core.ContainerBase.[Tomcat].[localhost].[/] - Initializing Spring DispatcherServlet 'dispatcherServlet'
2024-08-27 15:51:51.061 [http-nio-8081-exec-1] INFO  org.springframework.web.servlet.DispatcherServlet - Initializing Servlet 'dispatcherServlet'
2024-08-27 15:51:51.062 [http-nio-8081-exec-1] INFO  org.springframework.web.servlet.DispatcherServlet - Completed initialization in 1 ms
2024-08-27 16:19:06.886 [SpringApplicationShutdownHook] INFO  com.alibaba.druid.pool.DruidDataSource - {dataSource-1} closed
2024-08-27 16:19:10.340 [restartedMain] INFO  com.example.wiki.WikiApplication - Starting WikiApplication using Java 1.8.0_411 on miraitowa with PID 32180 (E:\study\java\wiki\target\classes started by 16340 in E:\study\java\wiki)
2024-08-27 16:19:10.342 [restartedMain] INFO  com.example.wiki.WikiApplication - No active profile set, falling back to 1 default profile: "default"
2024-08-27 16:19:10.372 [restartedMain] INFO  o.s.b.d.env.DevToolsPropertyDefaultsPostProcessor - Devtools property defaults active! Set 'spring.devtools.add-properties' to 'false' to disable
2024-08-27 16:19:10.372 [restartedMain] INFO  o.s.b.d.env.DevToolsPropertyDefaultsPostProcessor - For additional web related logging consider setting the 'logging.level.web' property to 'DEBUG'
2024-08-27 16:19:11.392 [restartedMain] INFO  o.s.boot.web.embedded.tomcat.TomcatWebServer - Tomcat initialized with port(s): 8081 (http)
2024-08-27 16:19:11.399 [restartedMain] INFO  org.apache.coyote.http11.Http11NioProtocol - Initializing ProtocolHandler ["http-nio-8081"]
2024-08-27 16:19:11.399 [restartedMain] INFO  org.apache.catalina.core.StandardService - Starting service [Tomcat]
2024-08-27 16:19:11.399 [restartedMain] INFO  org.apache.catalina.core.StandardEngine - Starting Servlet engine: [Apache Tomcat/9.0.68]
2024-08-27 16:19:11.439 [restartedMain] INFO  o.a.c.core.ContainerBase.[Tomcat].[localhost].[/] - Initializing Spring embedded WebApplicationContext
2024-08-27 16:19:11.440 [restartedMain] INFO  o.s.b.w.s.c.ServletWebServerApplicationContext - Root WebApplicationContext: initialization completed in 1068 ms
2024-08-27 16:19:11.496 [restartedMain] INFO  c.a.d.s.b.a.DruidDataSourceAutoConfigure - Init DruidDataSource
2024-08-27 16:19:11.726 [restartedMain] INFO  com.alibaba.druid.pool.DruidDataSource - {dataSource-1} inited
2024-08-27 16:19:12.118 [restartedMain] INFO  o.s.b.d.autoconfigure.OptionalLiveReloadServer - LiveReload server is running on port 35729
2024-08-27 16:19:12.134 [restartedMain] INFO  org.apache.coyote.http11.Http11NioProtocol - Starting ProtocolHandler ["http-nio-8081"]
2024-08-27 16:19:12.146 [restartedMain] INFO  o.s.boot.web.embedded.tomcat.TomcatWebServer - Tomcat started on port(s): 8081 (http) with context path ''
2024-08-27 16:19:12.150 [restartedMain] INFO  com.example.wiki.WikiApplication - Started WikiApplication in 2.153 seconds (JVM running for 2.403)
2024-08-27 16:19:12.152 [restartedMain] INFO  com.example.wiki.WikiApplication - 启动成功！！
2024-08-27 16:19:12.152 [restartedMain] INFO  com.example.wiki.WikiApplication - 地址: 	http://127.0.0.1:8081
2024-08-27 16:19:35.022 [http-nio-8081-exec-1] INFO  o.a.c.core.ContainerBase.[Tomcat].[localhost].[/] - Initializing Spring DispatcherServlet 'dispatcherServlet'
2024-08-27 16:19:35.022 [http-nio-8081-exec-1] INFO  org.springframework.web.servlet.DispatcherServlet - Initializing Servlet 'dispatcherServlet'
2024-08-27 16:19:35.022 [http-nio-8081-exec-1] INFO  org.springframework.web.servlet.DispatcherServlet - Completed initialization in 0 ms
2024-08-27 16:21:37.916 [SpringApplicationShutdownHook] INFO  com.alibaba.druid.pool.DruidDataSource - {dataSource-1} closed
2024-08-27 16:21:41.309 [restartedMain] INFO  com.example.wiki.WikiApplication - Starting WikiApplication using Java 1.8.0_411 on miraitowa with PID 10288 (E:\study\java\wiki\target\classes started by 16340 in E:\study\java\wiki)
2024-08-27 16:21:41.310 [restartedMain] INFO  com.example.wiki.WikiApplication - No active profile set, falling back to 1 default profile: "default"
2024-08-27 16:21:41.339 [restartedMain] INFO  o.s.b.d.env.DevToolsPropertyDefaultsPostProcessor - Devtools property defaults active! Set 'spring.devtools.add-properties' to 'false' to disable
2024-08-27 16:21:41.340 [restartedMain] INFO  o.s.b.d.env.DevToolsPropertyDefaultsPostProcessor - For additional web related logging consider setting the 'logging.level.web' property to 'DEBUG'
2024-08-27 16:21:42.386 [restartedMain] INFO  o.s.boot.web.embedded.tomcat.TomcatWebServer - Tomcat initialized with port(s): 8081 (http)
2024-08-27 16:21:42.392 [restartedMain] INFO  org.apache.coyote.http11.Http11NioProtocol - Initializing ProtocolHandler ["http-nio-8081"]
2024-08-27 16:21:42.393 [restartedMain] INFO  org.apache.catalina.core.StandardService - Starting service [Tomcat]
2024-08-27 16:21:42.393 [restartedMain] INFO  org.apache.catalina.core.StandardEngine - Starting Servlet engine: [Apache Tomcat/9.0.68]
2024-08-27 16:21:42.449 [restartedMain] INFO  o.a.c.core.ContainerBase.[Tomcat].[localhost].[/] - Initializing Spring embedded WebApplicationContext
2024-08-27 16:21:42.449 [restartedMain] INFO  o.s.b.w.s.c.ServletWebServerApplicationContext - Root WebApplicationContext: initialization completed in 1109 ms
2024-08-27 16:21:42.506 [restartedMain] INFO  c.a.d.s.b.a.DruidDataSourceAutoConfigure - Init DruidDataSource
2024-08-27 16:21:42.719 [restartedMain] INFO  com.alibaba.druid.pool.DruidDataSource - {dataSource-1} inited
2024-08-27 16:21:43.094 [restartedMain] INFO  o.s.b.d.autoconfigure.OptionalLiveReloadServer - LiveReload server is running on port 35729
2024-08-27 16:21:43.103 [restartedMain] INFO  org.apache.coyote.http11.Http11NioProtocol - Starting ProtocolHandler ["http-nio-8081"]
2024-08-27 16:21:43.112 [restartedMain] INFO  o.s.boot.web.embedded.tomcat.TomcatWebServer - Tomcat started on port(s): 8081 (http) with context path ''
2024-08-27 16:21:43.117 [restartedMain] INFO  com.example.wiki.WikiApplication - Started WikiApplication in 2.149 seconds (JVM running for 2.397)
2024-08-27 16:21:43.118 [restartedMain] INFO  com.example.wiki.WikiApplication - 启动成功！！
2024-08-27 16:21:43.118 [restartedMain] INFO  com.example.wiki.WikiApplication - 地址: 	http://127.0.0.1:8081
2024-08-27 16:21:45.476 [SpringApplicationShutdownHook] INFO  com.alibaba.druid.pool.DruidDataSource - {dataSource-1} closed
2024-08-27 16:21:48.815 [restartedMain] INFO  com.example.wiki.WikiApplication - Starting WikiApplication using Java 1.8.0_411 on miraitowa with PID 33448 (E:\study\java\wiki\target\classes started by 16340 in E:\study\java\wiki)
2024-08-27 16:21:48.817 [restartedMain] INFO  com.example.wiki.WikiApplication - No active profile set, falling back to 1 default profile: "default"
2024-08-27 16:21:48.846 [restartedMain] INFO  o.s.b.d.env.DevToolsPropertyDefaultsPostProcessor - Devtools property defaults active! Set 'spring.devtools.add-properties' to 'false' to disable
2024-08-27 16:21:48.846 [restartedMain] INFO  o.s.b.d.env.DevToolsPropertyDefaultsPostProcessor - For additional web related logging consider setting the 'logging.level.web' property to 'DEBUG'
2024-08-27 16:21:49.819 [restartedMain] INFO  o.s.boot.web.embedded.tomcat.TomcatWebServer - Tomcat initialized with port(s): 8081 (http)
2024-08-27 16:21:49.827 [restartedMain] INFO  org.apache.coyote.http11.Http11NioProtocol - Initializing ProtocolHandler ["http-nio-8081"]
2024-08-27 16:21:49.827 [restartedMain] INFO  org.apache.catalina.core.StandardService - Starting service [Tomcat]
2024-08-27 16:21:49.827 [restartedMain] INFO  org.apache.catalina.core.StandardEngine - Starting Servlet engine: [Apache Tomcat/9.0.68]
2024-08-27 16:21:49.868 [restartedMain] INFO  o.a.c.core.ContainerBase.[Tomcat].[localhost].[/] - Initializing Spring embedded WebApplicationContext
2024-08-27 16:21:49.869 [restartedMain] INFO  o.s.b.w.s.c.ServletWebServerApplicationContext - Root WebApplicationContext: initialization completed in 1022 ms
2024-08-27 16:21:49.925 [restartedMain] INFO  c.a.d.s.b.a.DruidDataSourceAutoConfigure - Init DruidDataSource
2024-08-27 16:21:50.147 [restartedMain] INFO  com.alibaba.druid.pool.DruidDataSource - {dataSource-1} inited
2024-08-27 16:21:50.532 [restartedMain] INFO  o.s.b.d.autoconfigure.OptionalLiveReloadServer - LiveReload server is running on port 35729
2024-08-27 16:21:50.541 [restartedMain] INFO  org.apache.coyote.http11.Http11NioProtocol - Starting ProtocolHandler ["http-nio-8081"]
2024-08-27 16:21:50.552 [restartedMain] INFO  o.s.boot.web.embedded.tomcat.TomcatWebServer - Tomcat started on port(s): 8081 (http) with context path ''
2024-08-27 16:21:50.557 [restartedMain] INFO  com.example.wiki.WikiApplication - Started WikiApplication in 2.07 seconds (JVM running for 2.318)
2024-08-27 16:21:50.559 [restartedMain] INFO  com.example.wiki.WikiApplication - 启动成功！！
2024-08-27 16:21:50.559 [restartedMain] INFO  com.example.wiki.WikiApplication - 地址: 	http://127.0.0.1:8081
2024-08-27 16:21:55.736 [http-nio-8081-exec-2] INFO  o.a.c.core.ContainerBase.[Tomcat].[localhost].[/] - Initializing Spring DispatcherServlet 'dispatcherServlet'
2024-08-27 16:21:55.736 [http-nio-8081-exec-2] INFO  org.springframework.web.servlet.DispatcherServlet - Initializing Servlet 'dispatcherServlet'
2024-08-27 16:21:55.737 [http-nio-8081-exec-2] INFO  org.springframework.web.servlet.DispatcherServlet - Completed initialization in 1 ms
